<?xml version="1.0" encoding="UTF-8"?>
<testsuite xmlns:xsi="http://www.w3.org/2001/XMLSchema-instance" xsi:noNamespaceSchemaLocation="https://maven.apache.org/surefire/maven-surefire-plugin/xsd/surefire-test-report.xsd" name="ai.aitia.mission_scheduler.mission_scheduler_provider.scheduler.SchedulerTest" time="0.045" tests="2" errors="0" skipped="0" failures="0">
  <properties>
[...]
</properties>
  <testcase name="testAddingMissionDifferentPriority" classname="ai.aitia.mission_scheduler.mission_scheduler_provider.scheduler.SchedulerTest" time="0.031"/>
  <testcase name="testAddingMissionsSamePriority" classname="ai.aitia.mission_scheduler.mission_scheduler_provider.scheduler.SchedulerTest" time="0.001"/>
</testsuite>